[2019-05-23 22:38:15] local.ERROR: SQLSTATE[HY000] [2002] Connection refused (SQL: select * from `evenements`) {"exception":"[object] (Illuminate\\Database\\QueryException(code: 2002): SQLSTATE[HY000] [2002] Connection refused (SQL: select * from `evenements`) at /Users/Sophieromain/Desktop/belierMeulson/vendor/laravel/framework/src/Illuminate/Database/Connection.php:664, Doctrine\\DBAL\\Driver\\PDOException(code: 2002): SQLSTATE[HY000] [2002] Connection refused at /Users/Sophieromain/Desktop/belierMeulson/vendor/doctrine/dbal/lib/Doctrine/DBAL/Driver/PDOConnection.php:31, PDOException(code: 2002): SQLSTATE[HY000] [2002] Connection refused at /Users/Sophieromain/Desktop/belierMeulson/vendor/doctrine/dbal/lib/Doctrine/DBAL/Driver/PDOConnection.php:27)
[stacktrace]
#0 /Users/Sophieromain/Desktop/belierMeulson/vendor/laravel/framework/src/Illuminate/Database/Connection.php(624): Illuminate\\Database\\Connection->runQueryCallback('select * from `...', Array, Object(Closure))
#1 /Users/Sophieromain/Desktop/belierMeulson/vendor/laravel/framework/src/Illuminate/Database/Connection.php(333): Illuminate\\Database\\Connection->run('select * from `...', Array, Object(Closure))
#2 /Users/Sophieromain/Desktop/belierMeulson/vendor/laravel/framework/src/Illuminate/Database/Query/Builder.php(2124): Illuminate\\Database\\Connection->select('select * from `...', Array, true)
#3 /Users/Sophieromain/Desktop/belierMeulson/vendor/laravel/framework/src/Illuminate/Database/Query/Builder.php(2112): Illuminate\\Database\\Query\\Builder->runSelect()
#4 /Users/Sophieromain/Desktop/belierMeulson/vendor/laravel/framework/src/Illuminate/Database/Query/Builder.php(2598): Illuminate\\Database\\Query\\Builder->Illuminate\\Database\\Query\\{closure}()
#5 /Users/Sophieromain/Desktop/belierMeulson/vendor/laravel/framework/src/Illuminate/Database/Query/Builder.php(2113): Illuminate\\Database\\Query\\Builder->onceWithColumns(Array, Object(Closure))
#6 /Users/Sophieromain/Desktop/belierMeulson/vendor/laravel/framework/src/Illuminate/Database/Eloquent/Builder.php(521): Illuminate\\Database\\Query\\Builder->get(Array)
#7 /Users/Sophieromain/Desktop/belierMeulson/vendor/laravel/framework/src/Illuminate/Database/Eloquent/Builder.php(505): Illuminate\\Database\\Eloquent\\Builder->getModels(Array)
#8 /Users/Sophieromain/Desktop/belierMeulson/vendor/laravel/framework/src/Illuminate/Database/Eloquent/Model.php(465): Illuminate\\Database\\Eloquent\\Builder->get(Array)
#9 /Users/Sophieromain/Desktop/belierMeulson/app/Repositories/BaseRepository.php(25): Illuminate\\Database\\Eloquent\\Model::all()
#10 /Users/Sophieromain/Desktop/belierMeulson/app/Providers/AppServiceProvider.php(37): App\\Repositories\\BaseRepository->getAll()
#11 [internal function]: App\\Providers\\AppServiceProvider->boot()
#12 /Users/Sophieromain/Desktop/belierMeulson/vendor/laravel/framework/src/Illuminate/Container/BoundMethod.php(32): call_user_func_array(Array, Array)
#13 /Users/Sophieromain/Desktop/belierMeulson/vendor/laravel/framework/src/Illuminate/Container/BoundMethod.php(90): Illuminate\\Container\\BoundMethod::Illuminate\\Container\\{closure}()
#14 /Users/Sophieromain/Desktop/belierMeulson/vendor/laravel/framework/src/Illuminate/Container/BoundMethod.php(34): Illuminate\\Container\\BoundMethod::callBoundMethod(Object(Illuminate\\Foundation\\Application), Array, Object(Closure))
#15 /Users/Sophieromain/Desktop/belierMeulson/vendor/laravel/framework/src/Illuminate/Container/Container.php(576): Illuminate\\Container\\BoundMethod::call(Object(Illuminate\\Foundation\\Application), Array, Array, NULL)
#16 /Users/Sophieromain/Desktop/belierMeulson/vendor/laravel/framework/src/Illuminate/Foundation/Application.php(817): Illuminate\\Container\\Container->call(Array)
#17 /Users/Sophieromain/Desktop/belierMeulson/vendor/laravel/framework/src/Illuminate/Foundation/Application.php(800): Illuminate\\Foundation\\Application->bootProvider(Object(App\\Providers\\AppServiceProvider))
#18 [internal function]: Illuminate\\Foundation\\Application->Illuminate\\Foundation\\{closure}(Object(App\\Providers\\AppServiceProvider), 23)
#19 /Users/Sophieromain/Desktop/belierMeulson/vendor/laravel/framework/src/Illuminate/Foundation/Application.php(801): array_walk(Array, Object(Closure))
#20 /Users/Sophieromain/Desktop/belierMeulson/vendor/laravel/framework/src/Illuminate/Foundation/Bootstrap/BootProviders.php(17): Illuminate\\Foundation\\Application->boot()
#21 /Users/Sophieromain/Desktop/belierMeulson/vendor/laravel/framework/src/Illuminate/Foundation/Application.php(210): Illuminate\\Foundation\\Bootstrap\\BootProviders->bootstrap(Object(Illuminate\\Foundation\\Application))
#22 /Users/Sophieromain/Desktop/belierMeulson/vendor/laravel/framework/src/Illuminate/Foundation/Http/Kernel.php(162): Illuminate\\Foundation\\Application->bootstrapWith(Array)
#23 /Users/Sophieromain/Desktop/belierMeulson/vendor/laravel/framework/src/Illuminate/Foundation/Http/Kernel.php(146): Illuminate\\Foundation\\Http\\Kernel->bootstrap()
#24 /Users/Sophieromain/Desktop/belierMeulson/vendor/laravel/framework/src/Illuminate/Foundation/Http/Kernel.php(116): Illuminate\\Foundation\\Http\\Kernel->sendRequestThroughRouter(Object(Illuminate\\Http\\Request))
#25 /Users/Sophieromain/Desktop/belierMeulson/public/index.php(55): Illuminate\\Foundation\\Http\\Kernel->handle(Object(Illuminate\\Http\\Request))
#26 /Users/Sophieromain/Desktop/belierMeulson/server.php(21): require_once('/Users/Sophiero...')
#27 {main}
"} 
